2018-11-23 18:37:46 INFO  XMLCreator:36 - Create Output XML
2018-11-23 18:37:47 INFO  WeatherFormatter:31 - Formatting Weather Data
2018-11-23 18:39:26 INFO  WeatherServlet:37 - Weather Servlet
2018-11-23 18:39:26 INFO  WeatherService:39 - Start Weather Application
2018-11-23 18:39:26 INFO  WeatherRetriever:28 - Get Yahoo Weather API XML
2018-11-23 18:39:27 INFO  WeatherParser:36 - Creating XML Reader
2018-11-23 18:39:27 INFO  WeatherParser:40 - Parsing XML Response
2018-11-23 18:39:28 INFO  XMLCreator:36 - Create Output XML
2018-11-23 18:39:28 INFO  WeatherFormatter:31 - Formatting Weather Data
2018-11-23 18:39:28 INFO  WeatherFormatter:31 - Formatting Weather Data
2018-11-23 20:33:22 INFO  XMLCreator:36 - Create Output XML
2018-11-23 20:33:23 INFO  WeatherFormatter:31 - Formatting Weather Data
2018-11-23 20:34:48 INFO  WeatherServlet:36 - Weather Servlet
2018-11-23 20:34:48 INFO  WeatherService:39 - Start Weather Application
2018-11-23 20:34:48 INFO  WeatherRetriever:28 - Get Yahoo Weather API XML
2018-11-23 20:34:49 INFO  WeatherParser:36 - Creating XML Reader
2018-11-23 20:34:49 INFO  WeatherParser:40 - Parsing XML Response
2018-11-23 20:34:49 INFO  XMLCreator:36 - Create Output XML
2018-11-23 20:34:49 INFO  WeatherFormatter:31 - Formatting Weather Data
2018-11-23 21:23:17 INFO  XMLCreator:36 - Create Output XML
2018-11-23 21:23:17 INFO  WeatherFormatter:31 - Formatting Weather Data
2018-11-23 21:23:46 INFO  WeatherServlet:38 - Start Weather Application
2018-11-23 21:23:46 INFO  WeatherService:43 - Start Weather Service
2018-11-23 21:23:46 INFO  WeatherRetriever:31 - Get Yahoo Weather API XML
2018-11-23 21:23:47 INFO  WeatherParser:36 - Creating XML Reader
2018-11-23 21:23:47 INFO  WeatherParser:40 - Parsing XML Response
2018-11-23 21:23:48 INFO  XMLCreator:36 - Create Output XML
2018-11-23 21:23:48 INFO  WeatherFormatter:31 - Formatting Weather Data
2018-11-23 21:47:27 INFO  XMLCreator:36 - Create Output XML
2018-11-23 21:47:27 INFO  WeatherFormatter:31 - Formatting Weather Data
2018-11-23 21:50:59 INFO  XMLCreator:36 - Create Output XML
2018-11-23 21:50:59 INFO  WeatherFormatter:31 - Formatting Weather Data
2018-11-24 10:38:40 INFO  XMLCreator:79 - Create Output XML
2018-11-24 10:38:40 INFO  WeatherFormatter:45 - Formatting Weather Data
2018-11-24 10:47:08 INFO  XMLCreator:79 - Create Output XML
2018-11-24 10:47:08 INFO  WeatherFormatter:45 - Formatting Weather Data
2018-11-24 10:49:19 INFO  WeatherServlet:38 - Start Weather Application
2018-11-24 10:49:19 INFO  WeatherService:43 - Start Weather Service
2018-11-24 10:49:19 INFO  WeatherRetriever:50 - Get Yahoo Weather API XML
2018-11-24 10:49:20 INFO  WeatherParser:52 - Creating XML Reader
2018-11-24 10:49:21 INFO  WeatherParser:56 - Parsing XML Response
2018-11-24 10:49:21 INFO  XMLCreator:79 - Create Output XML
2018-11-24 10:49:21 INFO  WeatherFormatter:45 - Formatting Weather Data
2018-11-24 11:49:15 INFO  WeatherServlet:38 - Start Weather Application
2018-11-24 11:49:15 INFO  WeatherService:43 - Start Weather Service
2018-11-24 11:49:15 INFO  WeatherRetriever:50 - Get Yahoo Weather API XML
2018-11-24 11:49:16 INFO  WeatherParser:52 - Creating XML Reader
2018-11-24 11:49:16 INFO  WeatherParser:56 - Parsing XML Response
2018-11-24 11:49:16 INFO  XMLCreator:79 - Create Output XML
2018-11-24 11:49:16 INFO  WeatherFormatter:45 - Formatting Weather Data
2018-11-24 12:07:25 INFO  XMLCreator:79 - Create Output XML
2018-11-24 12:07:26 INFO  WeatherFormatter:37 - Formatting Weather Data
2018-11-24 12:39:40 INFO  XMLCreator:79 - Create Output XML
2018-11-24 12:39:40 INFO  WeatherFormatter:37 - Formatting Weather Data
2018-11-24 12:40:36 INFO  XMLCreator:79 - Create Output XML
2018-11-24 12:40:36 INFO  WeatherFormatter:37 - Formatting Weather Data
2018-11-24 12:41:38 INFO  XMLCreator:79 - Create Output XML
2018-11-24 12:41:38 INFO  WeatherFormatter:37 - Formatting Weather Data
2018-11-24 12:42:10 INFO  XMLCreator:79 - Create Output XML
2018-11-24 12:42:10 INFO  WeatherFormatter:37 - Formatting Weather Data
2018-11-24 12:42:58 INFO  XMLCreator:79 - Create Output XML
2018-11-24 12:42:58 INFO  WeatherFormatter:37 - Formatting Weather Data
2018-11-24 12:45:01 INFO  XMLCreator:79 - Create Output XML
2018-11-24 12:45:01 INFO  WeatherFormatter:37 - Formatting Weather Data
2018-11-24 12:46:31 INFO  XMLCreator:79 - Create Output XML
2018-11-24 12:46:31 INFO  WeatherFormatter:37 - Formatting Weather Data
2018-11-24 12:47:38 INFO  XMLCreator:79 - Create Output XML
2018-11-24 12:47:38 INFO  WeatherFormatter:37 - Formatting Weather Data
2018-11-24 12:48:09 INFO  XMLCreator:79 - Create Output XML
2018-11-24 12:48:09 INFO  WeatherFormatter:37 - Formatting Weather Data
2018-11-24 12:48:44 INFO  XMLCreator:79 - Create Output XML
2018-11-24 12:48:44 INFO  WeatherFormatter:37 - Formatting Weather Data
2018-11-24 12:49:12 INFO  XMLCreator:79 - Create Output XML
2018-11-24 12:49:12 INFO  WeatherFormatter:37 - Formatting Weather Data
2018-11-24 12:49:34 INFO  XMLCreator:79 - Create Output XML
2018-11-24 12:49:34 INFO  WeatherFormatter:37 - Formatting Weather Data
2018-11-24 12:49:49 INFO  XMLCreator:79 - Create Output XML
2018-11-24 12:49:49 INFO  WeatherFormatter:37 - Formatting Weather Data
2018-11-24 12:50:05 INFO  XMLCreator:79 - Create Output XML
2018-11-24 12:50:05 INFO  WeatherFormatter:37 - Formatting Weather Data
2018-11-24 12:50:32 INFO  XMLCreator:79 - Create Output XML
2018-11-24 12:50:32 INFO  WeatherFormatter:37 - Formatting Weather Data
2018-11-24 12:51:00 INFO  XMLCreator:79 - Create Output XML
2018-11-24 12:51:00 INFO  WeatherFormatter:37 - Formatting Weather Data
2018-11-24 12:51:16 INFO  XMLCreator:79 - Create Output XML
2018-11-24 12:51:16 INFO  WeatherFormatter:37 - Formatting Weather Data
2018-11-24 12:51:37 INFO  XMLCreator:79 - Create Output XML
2018-11-24 12:51:37 INFO  WeatherFormatter:37 - Formatting Weather Data
2018-11-24 12:51:52 INFO  XMLCreator:79 - Create Output XML
2018-11-24 12:51:52 INFO  WeatherFormatter:37 - Formatting Weather Data
2018-11-24 12:52:19 INFO  XMLCreator:79 - Create Output XML
2018-11-24 12:52:19 INFO  WeatherFormatter:37 - Formatting Weather Data
2018-11-24 12:52:34 INFO  XMLCreator:79 - Create Output XML
2018-11-24 12:52:34 INFO  WeatherFormatter:37 - Formatting Weather Data
2018-11-24 12:52:54 INFO  XMLCreator:79 - Create Output XML
2018-11-24 12:52:54 INFO  WeatherFormatter:37 - Formatting Weather Data
2018-11-24 12:53:17 INFO  XMLCreator:79 - Create Output XML
2018-11-24 12:53:17 INFO  WeatherFormatter:37 - Formatting Weather Data
2018-11-24 12:53:56 INFO  XMLCreator:79 - Create Output XML
2018-11-24 12:53:56 INFO  WeatherFormatter:37 - Formatting Weather Data
2018-11-24 12:54:15 INFO  XMLCreator:79 - Create Output XML
2018-11-24 12:54:15 INFO  WeatherFormatter:37 - Formatting Weather Data
2018-11-24 12:54:38 INFO  XMLCreator:79 - Create Output XML
2018-11-24 12:54:38 INFO  WeatherFormatter:37 - Formatting Weather Data
2018-11-24 12:54:54 INFO  XMLCreator:79 - Create Output XML
2018-11-24 12:54:54 INFO  WeatherFormatter:37 - Formatting Weather Data
